Sender: LSF System <lsfadmin@polus-c4-ib.bmc.hpc.cs.msu.ru>
Subject: Job 1283671: <my_job> in cluster <MSUCluster> Done

Job <my_job> was submitted from host <polus-ib.bmc.hpc.cs.msu.ru> by user <edu-cmc-skmodel24-619-15> in cluster <MSUCluster> at Wed Dec 18 06:09:44 2024
Job was executed on host(s) <polus-c4-ib.bmc.hpc.cs.msu.ru>, in queue <short>, as user <edu-cmc-skmodel24-619-15> in cluster <MSUCluster> at Wed Dec 18 06:09:45 2024
</home_edu/edu-cmc-skmodel24-619/edu-cmc-skmodel24-619-15> was used as the home directory.
</home_edu/edu-cmc-skmodel24-619/edu-cmc-skmodel24-619-15/mpi/isit/fin> was used as the working directory.
Started at Wed Dec 18 06:09:45 2024
Terminated at Wed Dec 18 06:12:30 2024
Results reported at Wed Dec 18 06:12:30 2024

Your job looked like:

------------------------------------------------------------
# LSBATCH: User input
#BSUB -n 1
#BSUB -J "my_job"
#BSUB -o "omp8090-16.out"
#BSUB -e "my_job%J.err"
#BSUB -R "affinity[core(16)]"
#BSUB -m "polus-c3-ib polus-c4-ib"
mpiexec ./omp8090

------------------------------------------------------------

Successfully completed.

Resource usage summary:

    CPU time :                                   2625.66 sec.
    Max Memory :                                 73 MB
    Average Memory :                             70.23 MB
    Total Requested Memory :                     -
    Delta Memory :                               -
    Max Swap :                                   -
    Max Processes :                              5
    Max Threads :                                27
    Run time :                                   170 sec.
    Turnaround time :                            166 sec.

The output (if any) follows:

OpenMP is supported!
2196576 164.081365


PS:

Read file <my_job1283671.err> for stderr output of this job.

