Sender: LSF System <lsfadmin@polus-c4-ib.bmc.hpc.cs.msu.ru>
Subject: Job 1283662: <my_job> in cluster <MSUCluster> Done

Job <my_job> was submitted from host <polus-ib.bmc.hpc.cs.msu.ru> by user <edu-cmc-skmodel24-619-15> in cluster <MSUCluster> at Wed Dec 18 05:55:47 2024
Job was executed on host(s) <polus-c4-ib.bmc.hpc.cs.msu.ru>, in queue <short>, as user <edu-cmc-skmodel24-619-15> in cluster <MSUCluster> at Wed Dec 18 06:02:02 2024
</home_edu/edu-cmc-skmodel24-619/edu-cmc-skmodel24-619-15> was used as the home directory.
</home_edu/edu-cmc-skmodel24-619/edu-cmc-skmodel24-619-15/mpi/isit/fin> was used as the working directory.
Started at Wed Dec 18 06:02:02 2024
Terminated at Wed Dec 18 06:06:37 2024
Results reported at Wed Dec 18 06:06:37 2024

Your job looked like:

------------------------------------------------------------
# LSBATCH: User input
#BSUB -n 1
#BSUB -J "my_job"
#BSUB -o "omp8090-8.out"
#BSUB -e "my_job%J.err"
#BSUB -R "affinity[core(8)]"
#BSUB -m "polus-c3-ib polus-c4-ib"
mpiexec ./omp8090

------------------------------------------------------------

Successfully completed.

Resource usage summary:

    CPU time :                                   2187.57 sec.
    Max Memory :                                 71 MB
    Average Memory :                             69.29 MB
    Total Requested Memory :                     -
    Delta Memory :                               -
    Max Swap :                                   -
    Max Processes :                              5
    Max Threads :                                19
    Run time :                                   275 sec.
    Turnaround time :                            650 sec.

The output (if any) follows:

OpenMP is supported!
2196576 273.397082


PS:

Read file <my_job1283662.err> for stderr output of this job.

