Sender: LSF System <lsfadmin@polus-c2-ib.bmc.hpc.cs.msu.ru>
Subject: Job 1283653: <my_job> in cluster <MSUCluster> Done

Job <my_job> was submitted from host <polus-ib.bmc.hpc.cs.msu.ru> by user <edu-cmc-skmodel24-619-15> in cluster <MSUCluster> at Wed Dec 18 05:37:08 2024
Job was executed on host(s) <polus-c2-ib.bmc.hpc.cs.msu.ru>, in queue <short>, as user <edu-cmc-skmodel24-619-15> in cluster <MSUCluster> at Wed Dec 18 05:37:08 2024
</home_edu/edu-cmc-skmodel24-619/edu-cmc-skmodel24-619-15> was used as the home directory.
</home_edu/edu-cmc-skmodel24-619/edu-cmc-skmodel24-619-15/mpi/isit/fin> was used as the working directory.
Started at Wed Dec 18 05:37:08 2024
Terminated at Wed Dec 18 06:00:10 2024
Results reported at Wed Dec 18 06:00:10 2024

Your job looked like:

------------------------------------------------------------
# LSBATCH: User input
#BSUB -n 1
#BSUB -J "my_job"
#BSUB -o "true-omp8090-2.out"
#BSUB -e "my_job%J.err"
#BSUB -R "affinity[core(2)]"
mpiexec ./omp8090

------------------------------------------------------------

Successfully completed.

Resource usage summary:

    CPU time :                                   2229.04 sec.
    Max Memory :                                 71 MB
    Average Memory :                             70.63 MB
    Total Requested Memory :                     -
    Delta Memory :                               -
    Max Swap :                                   -
    Max Processes :                              5
    Max Threads :                                13
    Run time :                                   1386 sec.
    Turnaround time :                            1382 sec.

The output (if any) follows:

OpenMP is supported!
2196576 1380.891245


PS:

Read file <my_job1283653.err> for stderr output of this job.

